        1.0000000000        8.2978414257        8.2950082770        0.0028331487
        1.1749826500        8.2976222565        8.2949634815        0.0026587750
        1.3499652900        8.2974415802        8.2949179366        0.0025236436
        1.6244561200        8.2972093273        8.2948449346        0.0023643927
        1.8989469400        8.2970183234        8.2947699608        0.0022483625
        2.4479285800        8.2967094865        8.2946137580        0.0020957285
        2.9969102300        8.2964564277        8.2944485978        0.0020078299
        3.5458918700        8.2962338201        8.2942736611        0.0019601591
        4.5246007200        8.2958750847        8.2939345810        0.0019405038
        5.5033095600        8.2955358955        8.2935551965        0.0019806990
        6.3751006400        8.2952348164        8.2931769916        0.0020578248
        7.2468917100        8.2949261769        8.2927536298        0.0021725471
        8.0241016800        8.2946397873        8.2923310322        0.0023087551
        8.8013116500        8.2943392142        8.2918577602        0.0024814540
        9.4921649800        8.2940577278        8.2913866151        0.0026711127
       10.1830183000        8.2937609006        8.2908589647        0.0029019359
       10.7998516000        8.2934817425        8.2903312284        0.0031505141
       11.4166849000        8.2931885905        8.2897399392        0.0034486512
       11.9677227000        8.2929148556        8.2891479716        0.0037668840
       12.5187604000        8.2926306362        8.2884844051        0.0041462311
       13.0077036000        8.2923710622        8.2878245051        0.0045465571
       13.4966468000        8.2921069756        8.2870850591        0.0050219165
       13.9325424000        8.2918709770        8.2863463336        0.0055246434
       14.3684379000        8.2916391734        8.2855184767        0.0061206967
       14.7590990000        8.2914407512        8.2846867266        0.0067540246
       15.1497600000        8.2912590572        8.2837539619        0.0075050953
       15.4951867000        8.2911213459        8.2828294131        0.0082919328
       15.8406134000        8.2910169785        8.2817934893        0.0092234892
       16.1490301000        8.2909652188        8.2807570531        0.0102081657
       16.4574467000        8.2909696673        8.2795955762        0.0113740911
       16.7329656000        8.2910401450        8.2784326845        0.0126074605
       17.0084844000        8.2911975815        8.2771292064        0.0140683751
       17.2552178000        8.2914390043        8.2758204642        0.0156185401
       17.5019511000        8.2918090649        8.2743527296        0.0174563353
       17.7198989000        8.2922789041        8.2728994635        0.0193794406
       17.9378466000        8.2929274758        8.2712714115        0.0216560643
       18.1311211000        8.2936994177        8.2696545926        0.0240448251
       18.3243955000        8.2947147388        8.2678446717        0.0268700671
       18.4971088000        8.2958903101        8.2660340637        0.0298562464
       18.6698221000        8.2973961865        8.2640070657        0.0333891208
       18.8260866000        8.2991273753        8.2619524185        0.0371749568
       18.9823510000        8.3013138608        8.2596486205        0.0416652403
       19.1221666000        8.3037688052        8.2573369248        0.0464318804
       19.2619821000        8.3068339431        8.2547438594        0.0520900837
       19.3853488000        8.3101901687        8.2521788718        0.0580112969
       19.5087154000        8.3143337463        8.2493052576        0.0650284887
       19.6197454000        8.3189248101        8.2464064532        0.0725183569
       19.7307754000        8.3245653445        8.2431556202        0.0814097243
       19.8294688000        8.3307052678        8.2399156748        0.0907895930
       19.9281621000        8.3382042368        8.2362837114        0.1019205254
       20.0145188000        8.3461845029        8.2327251296        0.1134593733
       20.1008754000        8.3558529269        8.2287452613        0.1271076655
       20.1790076000        8.3664439464        8.2247155073        0.1417284391
       20.2571398000        8.3792645806        8.2202024612        0.1590621194
       20.3270476000        8.3931320869        8.2156797445        0.1774523424
       20.3969554000        8.4098809372        8.2106135671        0.1992673702
       20.4586387000        8.4276876314        8.2056096802        0.2220779512
       20.5203220000        8.4490978486        8.2000126133        0.2490852353
       20.5737809000        8.4713224115        8.1945962143        0.2767261973
       20.6272398000        8.4978408342        8.1885600023        0.3092808319
       20.6765865000        8.5270990816        8.1823410686        0.3447580130
       20.7259331000        8.5621472825        8.1753882280        0.3867590545
       20.7711676000        8.6006909542        8.1682530898        0.4324378644
       20.8164020000        8.6470238073        8.1602533504        0.4867704570
       20.8567018000        8.6966061733        8.1522636963        0.5443424771
       20.8970016000        8.7561334657        8.1433083925        0.6128250732
       20.9331892000        8.8203106839        8.1342923937        0.6860182901
       20.9693767000        8.8973916940        8.1241806820        0.7732110120
       21.0014521000        8.9793682440        8.1141332221        0.8652350219
       21.0335274000        9.0776494552        8.1028754745        0.9747739808
       21.0623130000        9.1834077811        8.0915533150        1.0918544661
       21.0910985000        9.3102725209        8.0788627682        1.2314097526
       21.1170055000        9.4473075029        8.0660567314        1.3812507715
       21.1429125000        9.6119119437        8.0516935036        1.5602184401
       21.1659409000        9.7875737323        8.0373796176        1.7501941147
       21.1889693000        9.9984090640        8.0213395572        1.9770695069
       21.2095305000       10.2243265828        8.0052953538        2.2190312290
       21.2300916000       10.4954919218        7.9873276295        2.5081642923
       21.2485966000       10.7886133869        7.9692171874        2.8193961994
       21.2671016000       11.1410162910        7.9489348567        3.1920814344
       21.2839617000       11.5277664622        7.9282269867        3.5995394755
       21.3008218000       11.9947132707        7.9050085638        4.0897047069
       21.3160370000       12.5041125999        7.8815175892        4.6225950108
       21.3312522000       13.1208894211        7.8551878158        5.2657016053
       21.3452338000       13.8092869434        7.8280531338        5.9812338095
       21.3592153000       14.6484957926        7.7976089228        6.8508868698
       21.3719632000       15.5838317589        7.7664768301        7.8173549288
       21.3847111000       16.7308663804        7.7315880616        8.9992783188
       21.3966366000       18.0542737909        7.6950099484       10.3592638425
       21.4085620000       19.6970302191        7.6540467494       12.0429834697
       21.4196650000       21.6066664537        7.6114348414       13.9952316123
       21.4307680000       24.0065424870        7.5640252597       16.4425172273
       21.4414598000       26.9409702184        7.5135123964       19.4274578220
       21.4468057000       28.7036934647        7.4864468169       21.2172466479
       21.4521516000       30.7088568910        7.4582318997       23.2506249914
       21.4577031000       33.0936414752        7.4278395334       25.6658019418
       21.4632546000       35.8438429406        7.3965658820       28.4472770586
       21.4688061000       39.0295270351        7.3648007539       31.6647262812
       21.4743576000       42.7353481971        7.3331629162       35.4021852808
       21.4788811000       46.2094014352        7.3081239965       38.9012774387
       21.4834045000       50.1599019270        7.2845354152       42.8753665117
       21.4879280000       54.6596017689        7.2634197722       47.3961819967
       21.4924514000       59.7886092799        7.2461741900       52.5424350900
       21.4969749000       65.6327841954        7.2346797491       58.3981044463
       21.5014983000       72.2775693206        7.2314369856       65.0461323350
       21.5060217000       79.7990408912        7.2397046024       72.5593362888
       21.5105451000       88.2467375057        7.2636205301       80.9831169755
       21.5160966000       99.8690710956        7.3218633727       92.5472077230
       21.5216481000      112.6747349375        7.4221840378      105.2525508997
       21.5327511000      139.2218819366        7.7899743580      131.4319075786
       21.5368634000      147.8475901944        7.9883574365      139.8592327578
       21.5409756000      154.7847226102        8.2156160667      146.5691065435
       21.5450878000      159.3706610215        8.4625433115      150.9081177099
       21.5492000000      161.1186507289        8.7160938172      152.4025569116
       21.5533123000      159.8404946887        8.9614078081      150.8790868806
       21.5574245000      155.6972919141        9.1845586342      146.5127332799
       21.5615367000      149.1536796395        9.3750985637      139.7785810758
       21.5656489000      140.8585164426        9.5273891668      131.3311272758
       21.5767519000      114.8696217586        9.7520868448      105.1175349138
       21.5823034000      102.1876425548        9.7829872909       92.4046552639
       21.5878549000       90.6155958726        9.7780563630       80.8375395096
       21.5923784000       82.1694825024        9.7559592333       72.4135232691
       21.5969018000       74.6249898054        9.7231922553       64.9017975501
       21.6014253000       67.9398041494        9.6836427687       58.2561613807
       21.6059487000       62.0440298334        9.6401734889       52.4038563445
       21.6104722000       56.8559847103        9.5948273538       47.2611573565
       21.6149956000       52.2933827170        9.5490301474       42.7443525696
       21.6195190000       48.2780210257        9.5037456282       38.7742753975
       21.6240424000       44.7388867561        9.4596062934       35.2792804627
       21.6295939000       40.9542416067        9.4075673885       31.5466742183
       21.6351454000       37.6921659409        9.3582411396       28.3339248013
       21.6406969000       34.8687394112        9.3117871727       25.5569522385
       21.6462484000       32.4142727471        9.2682146519       23.1460580952
       21.6515943000       30.3454923528        9.2289039773       21.1165883755
       21.6569402000       28.5225696684        9.1920725724       19.3304970960
       21.6622861000       26.9098695821        9.1575795630       17.7522900191
       21.6676320000       25.4776170082        9.1252743517       16.3523426564
       21.6787350000       22.9758267158        9.0645146755       13.9113120404
       21.6898380000       20.9758608268        9.0112546521       11.9646061747
       21.7017635000       19.2472485272        8.9611089090       10.2861396183
       21.7136889000       17.8479380934        8.9171156235        8.9308224698
       21.7264368000       16.6290859375        8.8757831852        7.7533027523
       21.7391847000       15.6301187138        8.8393828753        6.7907358385
       21.7531663000       14.7290665956        8.8041987172        5.9248678784
       21.7671478000       13.9858659451        8.7731651951        5.2127007500
       21.7823630000       13.3161691629        8.7433316198        4.5728375431
       21.7975782000       12.7597656712        8.7169378564        4.0428278148
       21.8144383000       12.2465478996        8.6910498871        3.5554980126
       21.8312984000       11.8186826375        8.6681233558        3.1505592817
       21.8498034000       11.4261452452        8.6458121290        2.7803331162
       21.8683084000       11.0972977528        8.6260077122        2.4712900407
       21.8888696000       10.7907875439        8.6064665635        2.1843209804
       21.9094307000       10.5333949126        8.5891061181        1.9442887946
       21.9324591000       10.2911684508        8.5718321133        1.7193363374
       21.9554875000       10.0875578930        8.5564852537        1.5310726393
       21.9813945000        9.8949682715        8.5411491840        1.3538190875
       22.0073015000        9.7330320864        8.5275288792        1.2055032071
       22.0360871000        9.5815361280        8.5140801559        1.0674559721
       22.0648726000        9.4538415582        8.5021222146        0.9517193435
       22.0969480000        9.3337833801        8.4902697713        0.8435136088
       22.1290233000        9.2324011489        8.4797229555        0.7526781935
       22.1652109000        9.1358175821        8.4691382299        0.6666793522
       22.2013984000        9.0542749251        8.4597253802        0.5945495449
       22.2416982000        8.9775204752        8.4503989041        0.5271215711
       22.2819980000        8.9125866181        8.4420973574        0.4704892607
       22.3272325000        8.8508997243        8.4338034021        0.4170963222
       22.3724669000        8.7986759176        8.4264210695        0.3722548481
       22.4218136000        8.7503097121        8.4192410307        0.3310686815
       22.4711602000        8.7091500768        8.4128303226        0.2963197541
       22.5246191000        8.6710894357        8.4066182252        0.2644712105
       22.5780780000        8.6385158239        8.4010525795        0.2374632444
       22.6397613000        8.6064192497        8.3953097832        0.2111094665
       22.7014446000        8.5790654960        8.3901828986        0.1888825974
       22.7713524000        8.5526571935        8.3849991796        0.1676580139
       22.8412602000        8.5301718768        8.3803774533        0.1497944236
       22.9193924000        8.5087569467        8.3757711640        0.1329857827
       22.9975246000        8.4904962367        8.3716628300        0.1188334067
       23.0838813000        8.4732569610        8.3676096721        0.1056472890
       23.1702379000        8.4585105455        8.3639891966        0.0945213489
       23.2689313000        8.4441090070        8.3602975816        0.0838114254
       23.3676246000        8.4318142124        8.3570074310        0.0748067815
       23.4786546000        8.4200005732        8.3537090596        0.0662915135
       23.5896846000        8.4099069254        8.3507702597        0.0591366658
       23.7130513000        8.4003104330        8.3478592203        0.0524512127
       23.8364179000        8.3920884738        8.3452627001        0.0468257737
       23.9762335000        8.3841057408        8.3426395421        0.0414661987
       24.1160490000        8.3772679653        8.3403025376        0.0369654277
       24.2723135000        8.3707146418        8.3379749333        0.0327397086
       24.4285779000        8.3650897011        8.3359002510        0.0291894501
       24.6012912000        8.3597431613        8.3338545881        0.0258885733
       24.7740045000        8.3551374590        8.3320282324        0.0231092266
       24.9672790000        8.3506937376        8.3302034402        0.0204902974
       25.1605534000        8.3468594774        8.3285740744        0.0182854030
       25.3785012000        8.3431275162        8.3269340881        0.0161934281
       25.5964489000        8.3399054191        8.3254707643        0.0144346548
       25.8431823000        8.3367556992        8.3239934389        0.0127622603
       26.0899156000        8.3340356343        8.3226766273        0.0113590070
       26.3654345000        8.3314093273        8.3213655622        0.0100437652
       26.6409533000        8.3291359835        8.3201962821        0.0089397014
       26.9493700000        8.3269309546        8.3190287809        0.0079021737
       27.2577866000        8.3250185753        8.3179872707        0.0070313046
       27.6032133000        8.3231591723        8.3169465589        0.0062126134
       27.9486400000        8.3215435669        8.3160179761        0.0055255907
       28.3393011000        8.3199555097        8.3150813703        0.0048741395
       28.7299621000        8.3185748957        8.3142463891        0.0043285066
       29.1658577000        8.3172339023        8.3134154970        0.0038184053
       29.6017532000        8.3160651841        8.3126742162        0.0033909680
       30.0906964000        8.3149216379        8.3119323563        0.0029892816
       30.5796396000        8.3139233060        8.3112704238        0.0026528822
       31.1306774000        8.3129405034        8.3106049291        0.0023355743
       31.6817151000        8.3120815520        8.3100113395        0.0020702125
       32.2985484000        8.3112403144        8.3094185223        0.0018217920
       32.9153817000        8.3105035859        8.3088895001        0.0016140858
       33.6062351000        8.3097802336        8.3083606371        0.0014195964
       34.2970884000        8.3091455178        8.3078884715        0.0012570463
       35.0742984000        8.3085185191        8.3074142331        0.0011042860
       35.8515083000        8.3079675905        8.3069908226        0.0009767679
       36.7232994000        8.3074240888        8.3065666936        0.0008573952
       37.5950904000        8.3069456614        8.3061878434        0.0007578179
       38.5737993000        8.3064724466        8.3058078496        0.0006645970
       39.5525081000        8.3060551613        8.3054682573        0.0005869039
       40.6504714000        8.3056419600        8.3051276777        0.0005142823
       41.7484347000        8.3052768992        8.3048230942        0.0004538049
       42.9821013000        8.3049141770        8.3045169364        0.0003972406
       44.2157679000        8.3045931295        8.3042429430        0.0003501865
       45.5974746000        8.3042744951        8.3039681426        0.0003063525
       46.9791812000        8.3039918097        8.3037219021        0.0002699075
       48.5294889000        8.3037100965        8.3034741770        0.0002359195
       50.0797966000        8.3034595962        8.3032519103        0.0002076859
       51.8192665000        8.3032093634        8.3030279841        0.0001813793
       53.5587364000        8.3029862973        8.3028267511        0.0001595461
       55.5120419000        8.3027627086        8.3026235023        0.0001392062
       57.4653474000        8.3025628545        8.3024405119        0.0001223426
       59.2534851000        8.3023973985        8.3022880729        0.0001093256
       61.0416227000        8.3022462074        8.3021480281        0.0000981793
       62.8297604000        8.3021073367        8.3020187667        0.0000885700
       64.6178980000        8.3019791797        8.3018989453        0.0000802344
       66.4060357000        8.3018603972        8.3017874348        0.0000729625
       68.1941733000        8.3017498644        8.3016832792        0.0000665851
       69.9823110000        8.3016466291        8.3015856640        0.0000609652
       71.7704486000        8.3015498805        8.3014938902        0.0000559903
       75.3467239000        8.3013731588        8.3013255372        0.0000476216
       78.9229992000        8.3012151962        8.3011742860        0.0000409102
       82.4992745000        8.3010725818        8.3010371260        0.0000354558
       86.0755497000        8.3009426843        8.3009117139        0.0000309704
       89.6518251000        8.3008234418        8.3007961989        0.0000272429
       93.2281004000        8.3007132154        8.3006890994        0.0000241160
       96.8043757000        8.3006106861        8.3005892157        0.0000214704
      100.3806510000        8.3005147803        8.3004955655        0.0000192148
      103.9569270000        8.3004246154        8.3004073372        0.0000172782
      107.5332020000        8.3003394590        8.3003238543        0.0000156047
      111.1094770000        8.3002586983        8.3002445483        0.0000141499
      114.6857520000        8.3001818166        8.3001689380        0.0000128785
      118.2620280000        8.3001083751        8.3000966134        0.0000117617
      121.8383030000        8.3000379991        8.3000272230        0.0000107761
      128.9908530000        8.2999051978        8.2998960728        0.0000091251
      136.1434040000        8.2997813168        8.2997735089        0.0000078080
      143.2959540000        8.2996647607        8.2996580181        0.0000067426
      150.4485050000        8.2995542933        8.2995484229        0.0000058704
      157.6010550000        8.2994489420        8.2994437936        0.0000051484
      164.7536060000        8.2993479310        8.2993433860        0.0000045450
      171.9061560000        8.2992506339        8.2992465977        0.0000040362
      179.0587070000        8.2991565394        8.2991529356        0.0000036037
      186.2112570000        8.2990652260        8.2990619925        0.0000032335
      193.3638080000        8.2989763431        8.2989734287        0.0000029144
      200.5163580000        8.2988895969        8.2988869591        0.0000026378
      207.6689090000        8.2988047387        8.2988023422        0.0000023966
      214.8214590000        8.2987215575        8.2987193723        0.0000021852
      221.9740100000        8.2986398722        8.2986378732        0.0000019990
      229.1265600000        8.2985595272        8.2985576929        0.0000018343
      243.4316610000        8.2984023361        8.2984007786        0.0000015575
      257.7367620000        8.2982490996        8.2982477638        0.0000013359
      272.0418630000        8.2980991366        8.2980979806        0.0000011560
      286.3469640000        8.2979519138        8.2979509055        0.0000010083
      300.6520660000        8.2978070081        8.2978061224        0.0000008857
      343.5673690000        8.2973830947        8.2973824723        0.0000006224
      515.2285810000        8.2957742312        8.2957740150        0.0000002163
     1888.5182800000        8.2836547321        8.2836547242        0.0000000079
     7381.6770700000        8.2358915503        8.2358915500        0.0000000003
    29354.3123000000        8.0471870239        8.0471870239        0.0000000000
   117244.8530000000        7.3265978347        7.3265978347        0.0000000000
   234432.2410000000        6.4466437273        6.4466437273        0.0000000000
   351619.6290000000        5.6524748443        5.6524748443        0.0000000000
   468807.0170000000        4.9373387487        4.9373387487        0.0000000000
   585994.4050000000        4.2949250405        4.2949250405        0.0000000000
   703181.7929999999        3.7193405383        3.7193405383        0.0000000000
   820369.1810000000        3.2050857871        3.2050857871        0.0000000000
   937556.5680000000        2.7470327326        2.7470327326        0.0000000000
  1054743.9500000000        2.3404034995        2.3404034995        0.0000000000
  1171931.3400000001        1.9807501531        1.9807501531        0.0000000000
  1289118.7300000000        1.6639356568        1.6639356568        0.0000000000
  1406306.1200000001        1.3861155613        1.3861155613        0.0000000000
  1523493.5100000000        1.1437207438        1.1437207438        0.0000000000
  1640680.8999999999        0.9334409953        0.9334409953        0.0000000000
  1757868.2900000000        0.7522094466        0.7522094466        0.0000000000
  1875055.6699999999        0.5971878072        0.5971878072        0.0000000000
  1933649.3700000001        0.5286777533        0.5286777533        0.0000000000
  1992243.0600000001        0.4657523078        0.4657523078        0.0000000000
  2050836.7600000000        0.4081148281        0.4081148281        0.0000000000
  2109430.4500000002        0.3554805013        0.3554805013        0.0000000000
  2168024.1499999999        0.3075758882        0.3075758882        0.0000000000
  2226617.8399999999        0.2641386284        0.2641386284        0.0000000000
  2285211.5299999998        0.2249170234        0.2249170234        0.0000000000
  2343805.2200000002        0.1896697230        0.1896697230        0.0000000000
  2402398.9199999999        0.1581653732        0.1581653732        0.0000000000
  2460992.6099999999        0.1301823086        0.1301823086        0.0000000000
  2519586.3100000001        0.1055081960        0.1055081960        0.0000000000
  2578180.0000000000        0.0839397623        0.0839397623        0.0000000000
  2636773.7000000002        0.0652824576        0.0652824576        0.0000000000
  2666070.5499999998        0.0569870028        0.0569870028        0.0000000000
  2695367.3900000001        0.0493501914        0.0493501914        0.0000000000
  2724664.2400000002        0.0423500287        0.0423500287        0.0000000000
  2753961.0800000001        0.0359650227        0.0359650227        0.0000000000
  2783257.9300000002        0.0301741562        0.0301741562        0.0000000000
  2812554.7700000000        0.0249568959        0.0249568959        0.0000000000
  2841851.6200000001        0.0202931685        0.0202931685        0.0000000000
  2871148.4700000002        0.0161633654        0.0161633654        0.0000000000
  2900445.3199999998        0.0125483274        0.0125483274        0.0000000000
  2915093.7400000002        0.0109279799        0.0109279799        0.0000000000
  2929742.1600000001        0.0094293394        0.0094293394        0.0000000000
  2944390.5899999999        0.0080501334        0.0080501334        0.0000000000
  2959039.0099999998        0.0067881191        0.0067881191        0.0000000000
  2973687.4399999999        0.0056410764        0.0056410764        0.0000000000
  2988335.8599999999        0.0046068150        0.0046068150        0.0000000000
  3002984.2900000000        0.0036831674        0.0036831674        0.0000000000
  3017632.7100000000        0.0028679949        0.0028679949        0.0000000000
  3024956.9199999999        0.0025004246        0.0025004246        0.0000000000
  3032281.1299999999        0.0021591820        0.0021591820        0.0000000000
  3039605.3399999999        0.0018440066        0.0018440066        0.0000000000
  3046929.5499999998        0.0015546397        0.0015546397        0.0000000000
  3054253.7700000000        0.0012908236        0.0012908236        0.0000000000
  3061577.9800000000        0.0010523034        0.0010523034        0.0000000000
  3068902.1899999999        0.0008388246        0.0008388246        0.0000000000
  3076226.3999999999        0.0006501346        0.0006501346        0.0000000000
  3079888.5099999998        0.0005650068        0.0005650068        0.0000000000
  3083550.6200000001        0.0004859822        0.0004859822        0.0000000000
  3087212.7300000000        0.0004130296        0.0004130296        0.0000000000
  3090874.8300000001        0.0003461182        0.0003461182        0.0000000000
  3094536.9399999999        0.0002852166        0.0002852166        0.0000000000
  3098199.0400000000        0.0002302944        0.0002302944        0.0000000000
  3101861.1499999999        0.0001813205        0.0001813205        0.0000000000
  3105523.2500000000        0.0001382644        0.0001382644        0.0000000000
  3107354.3100000001        0.0001189458        0.0001189458        0.0000000000
  3109185.3599999999        0.0001010953        0.0001010953        0.0000000000
  3111016.4199999999        0.0000847089        0.0000847089        0.0000000000
  3112847.4700000002        0.0000697830        0.0000697830        0.0000000000
  3114678.5299999998        0.0000563136        0.0000563136        0.0000000000
  3116509.5800000001        0.0000442970        0.0000442970        0.0000000000
  3118340.6299999999        0.0000337294        0.0000337294        0.0000000000
  3119256.1600000001        0.0000289878        0.0000289878        0.0000000000
  3120171.6800000002        0.0000246070        0.0000246070        0.0000000000
  3121087.2100000000        0.0000205866        0.0000205866        0.0000000000
  3122002.7400000002        0.0000169260        0.0000169260        0.0000000000
  3122918.2700000000        0.0000136249        0.0000136249        0.0000000000
  3123833.7900000000        0.0000106828        0.0000106828        0.0000000000
  3124749.3199999998        0.0000080991        0.0000080991        0.0000000000
  3125207.0800000001        0.0000069416        0.0000069416        0.0000000000
  3125664.8399999999        0.0000058734        0.0000058734        0.0000000000
  3126122.6099999999        0.0000048947        0.0000048947        0.0000000000
  3126580.3700000001        0.0000040053        0.0000040053        0.0000000000
  3127038.1299999999        0.0000032052        0.0000032052        0.0000000000
  3127495.8900000001        0.0000024943        0.0000024943        0.0000000000
  3127724.7799999998        0.0000021722        0.0000021722        0.0000000000
  3127953.6600000001        0.0000018725        0.0000018725        0.0000000000
  3128182.5400000000        0.0000015950        0.0000015950        0.0000000000
  3128411.4199999999        0.0000013398        0.0000013398        0.0000000000
  3128640.3100000001        0.0000011069        0.0000011069        0.0000000000
  3128869.1899999999        0.0000008962        0.0000008962        0.0000000000
  3131158.0000000000        0.0000000114        0.0000000114        0.0000000000
  3132989.0499999998        0.0000009003        0.0000009003        0.0000000000
  3133217.9399999999        0.0000011110        0.0000011110        0.0000000000
  3133446.8199999998        0.0000013437        0.0000013437        0.0000000000
  3133675.7000000002        0.0000015986        0.0000015986        0.0000000000
  3133904.5800000001        0.0000018756        0.0000018756        0.0000000000
  3134133.4600000000        0.0000021747        0.0000021747        0.0000000000
  3134362.3399999999        0.0000024958        0.0000024958        0.0000000000
  3134820.1000000001        0.0000032043        0.0000032043        0.0000000000
  3135277.8700000001        0.0000040010        0.0000040010        0.0000000000
  3135735.6299999999        0.0000048859        0.0000048859        0.0000000000
  3136193.3999999999        0.0000058588        0.0000058588        0.0000000000
  3136651.1600000001        0.0000069198        0.0000069198        0.0000000000
  3137108.9300000002        0.0000080688        0.0000080688        0.0000000000
  3137566.6899999999        0.0000093058        0.0000093058        0.0000000000
  3138482.2100000000        0.0000120431        0.0000120431        0.0000000000
  3139397.7400000002        0.0000151315        0.0000151315        0.0000000000
  3140313.2599999998        0.0000185704        0.0000185704        0.0000000000
  3141228.7900000000        0.0000223595        0.0000223595        0.0000000000
  3142144.3100000001        0.0000264981        0.0000264981        0.0000000000
  3143059.8399999999        0.0000309859        0.0000309859        0.0000000000
  3143975.3700000001        0.0000358224        0.0000358224        0.0000000000
  3145806.4199999999        0.0000465396        0.0000465396        0.0000000000
  3147637.4700000002        0.0000586460        0.0000586460        0.0000000000
  3149468.5200000000        0.0000721380        0.0000721380        0.0000000000
  3151299.5800000001        0.0000870120        0.0000870120        0.0000000000
  3153130.6299999999        0.0001032640        0.0001032640        0.0000000000
  3154961.6800000002        0.0001208906        0.0001208906        0.0000000000
  3156792.7300000000        0.0001398881        0.0001398881        0.0000000000
  3160454.8399999999        0.0001819811        0.0001819811        0.0000000000
  3164116.9399999999        0.0002295136        0.0002295136        0.0000000000
  3167779.0499999998        0.0002824568        0.0002824568        0.0000000000
  3171441.1600000001        0.0003407816        0.0003407816        0.0000000000
  3175103.2700000000        0.0004044590        0.0004044590        0.0000000000
  3178765.3700000001        0.0004734600        0.0004734600        0.0000000000
  3186089.5800000001        0.0006273187        0.0006273187        0.0000000000
  3193413.7900000000        0.0008021288        0.0008021288        0.0000000000
  3200738.0000000000        0.0009976629        0.0009976629        0.0000000000
  3208062.2100000000        0.0012136950        0.0012136950        0.0000000000
  3215386.4199999999        0.0014500005        0.0014500005        0.0000000000
  3222710.6299999999        0.0017063562        0.0017063562        0.0000000000
  3237359.0600000001        0.0022783329        0.0022783329        0.0000000000
  3252007.4800000000        0.0029278667        0.0029278667        0.0000000000
  3266655.8999999999        0.0036532224        0.0036532224        0.0000000000
  3281304.3199999998        0.0044526864        0.0044526864        0.0000000000
  3295952.7500000000        0.0053245674        0.0053245674        0.0000000000
  3310601.1699999999        0.0062671938        0.0062671938        0.0000000000
  3339898.0200000000        0.0083581097        0.0083581097        0.0000000000
  3369194.8700000001        0.0107124929        0.0107124929        0.0000000000
  3398491.7100000000        0.0133177326        0.0133177326        0.0000000000
  3427788.5600000001        0.0161615458        0.0161615458        0.0000000000
  3457085.4100000001        0.0192319660        0.0192319660        0.0000000000
  3515679.1000000001        0.0260063227        0.0260063227        0.0000000000
  3574272.7999999998        0.0335512357        0.0335512357        0.0000000000
  3632866.4900000002        0.0417818643        0.0417818643        0.0000000000
  3691460.1800000002        0.0506179247        0.0506179247        0.0000000000
  3750053.8700000001        0.0599835111        0.0599835111        0.0000000000
  3867241.2599999998        0.0800205339        0.0800205339        0.0000000000
  3984428.6499999999        0.1013670102        0.1013670102        0.0000000000
  4101616.0400000000        0.1235568489        0.1235568489        0.0000000000
  4218803.4299999997        0.1461791096        0.1461791096        0.0000000000
  4453178.2100000000        0.1913268079        0.1913268079        0.0000000000
  4687552.9800000004        0.2344653954        0.2344653954        0.0000000000
  4921927.7599999998        0.2738786213        0.2738786213        0.0000000000
  5156302.5300000003        0.3083737308        0.3083737308        0.0000000000
  5390677.3099999996        0.3371898859        0.3371898859        0.0000000000
  5625052.0800000001        0.3599185197        0.3599185197        0.0000000000
  5859426.8600000003        0.3764343979        0.3764343979        0.0000000000
  6093801.6299999999        0.3868361908        0.3868361908        0.0000000000
  6328176.4100000001        0.3913955369        0.3913955369        0.0000000000
  6562551.1799999997        0.3905136202        0.3905136202        0.0000000000
  6796925.9600000000        0.3846844141        0.3846844141        0.0000000000
  7031300.7300000004        0.3744638038        0.3744638038        0.0000000000
  7500050.2800000003        0.3432317788        0.3432317788        0.0000000000
  7968799.8399999999        0.3016350512        0.3016350512        0.0000000000
  8437549.3900000006        0.2542606789        0.2542606789        0.0000000000
  8906298.9399999995        0.2051561150        0.2051561150        0.0000000000
  9375048.4900000002        0.1576634511        0.1576634511        0.0000000000
  9843798.0500000007        0.1143570414        0.1143570414        0.0000000000
 10078172.8000000007        0.0948695365        0.0948695365        0.0000000000
 10312547.5999999996        0.0770530891        0.0770530891        0.0000000000
 10546922.4000000004        0.0610256933        0.0610256933        0.0000000000
 10781297.1999999993        0.0468667948        0.0468667948        0.0000000000
 10898484.5999999996        0.0405030862        0.0405030862        0.0000000000
 11015672.0000000000        0.0346204241        0.0346204241        0.0000000000
 11132859.4000000004        0.0292193147        0.0292193147        0.0000000000
 11250046.6999999993        0.0242984672        0.0242984672        0.0000000000
 11367234.0999999996        0.0198548820        0.0198548820        0.0000000000
 11484421.5000000000        0.0158839802        0.0158839802        0.0000000000
 11601608.9000000004        0.0123796897        0.0123796897        0.0000000000
 11660202.5999999996        0.0108002444        0.0108002444        0.0000000000
 11718796.3000000007        0.0093345524        0.0093345524        0.0000000000
 11777390.0000000000        0.0079814813        0.0079814813        0.0000000000
 11835983.6999999993        0.0067398248        0.0067398248        0.0000000000
 11894577.4000000004        0.0056083055        0.0056083055        0.0000000000
 11953171.0999999996        0.0045855779        0.0045855779        0.0000000000
 12011764.8000000007        0.0036702318        0.0036702318        0.0000000000
 12070358.5000000000        0.0028607945        0.0028607945        0.0000000000
 12099655.4000000004        0.0024953147        0.0024953147        0.0000000000
 12128952.1999999993        0.0021557346        0.0021557346        0.0000000000
 12158249.0000000000        0.0018418526        0.0018418526        0.0000000000
 12187545.8000000007        0.0015534652        0.0015534652        0.0000000000
 12216842.6999999993        0.0012903648        0.0012903648        0.0000000000
 12246139.5000000000        0.0010523431        0.0010523431        0.0000000000
 12275436.4000000004        0.0008391857        0.0008391857        0.0000000000
 12304733.1999999993        0.0006506778        0.0006506778        0.0000000000
 12319381.6999999993        0.0005655983        0.0005655983        0.0000000000
 12334030.0999999996        0.0004865993        0.0004865993        0.0000000000
 12348678.5000000000        0.0004136524        0.0004136524        0.0000000000
 12363326.9000000004        0.0003467297        0.0003467297        0.0000000000
 12377975.4000000004        0.0002858025        0.0002858025        0.0000000000
 12392623.8000000007        0.0002308434        0.0002308434        0.0000000000
 12407272.1999999993        0.0001818235        0.0001818235        0.0000000000
 12421920.5999999996        0.0001387142        0.0001387142        0.0000000000
 12429244.9000000004        0.0001193668        0.0001193668        0.0000000000
 12436569.0999999996        0.0001014865        0.0001014865        0.0000000000
 12443893.3000000007        0.0000850693        0.0000850693        0.0000000000
 12451217.5000000000        0.0000701118        0.0000701118        0.0000000000
 12458541.6999999993        0.0000566102        0.0000566102        0.0000000000
 12465865.9000000004        0.0000445609        0.0000445609        0.0000000000
 12473190.0999999996        0.0000339602        0.0000339602        0.0000000000
 12476852.1999999993        0.0000292020        0.0000292020        0.0000000000
 12480514.3000000007        0.0000248045        0.0000248045        0.0000000000
 12484176.5000000000        0.0000207672        0.0000207672        0.0000000000
 12487838.5999999996        0.0000170899        0.0000170899        0.0000000000
 12491500.6999999993        0.0000137721        0.0000137721        0.0000000000
 12495162.8000000007        0.0000108131        0.0000108131        0.0000000000
 12498824.9000000004        0.0000082126        0.0000082126        0.0000000000
 12500656.0000000000        0.0000070466        0.0000070466        0.0000000000
 12502487.0000000000        0.0000059702        0.0000059702        0.0000000000
 12504318.0999999996        0.0000049830        0.0000049830        0.0000000000
 12506149.0999999996        0.0000040852        0.0000040852        0.0000000000
 12507980.1999999993        0.0000032767        0.0000032767        0.0000000000
 12509811.1999999993        0.0000025574        0.0000025574        0.0000000000
 12511642.3000000007        0.0000019272        0.0000019272        0.0000000000
 12512557.8000000007        0.0000016456        0.0000016456        0.0000000000
 12513473.3000000007        0.0000013862        0.0000013862        0.0000000000
 12514388.9000000004        0.0000011490        0.0000011490        0.0000000000
 12515304.4000000004        0.0000009341        0.0000009341        0.0000000000
 12524459.5999999996        0.0000000076        0.0000000076        0.0000000000
 12531783.8000000007        0.0000008631        0.0000008631        0.0000000000
 12532699.4000000004        0.0000010696        0.0000010696        0.0000000000
 12533614.9000000004        0.0000012982        0.0000012982        0.0000000000
 12534530.4000000004        0.0000015489        0.0000015489        0.0000000000
 12535445.9000000004        0.0000018218        0.0000018218        0.0000000000
 12536361.5000000000        0.0000021167        0.0000021167        0.0000000000
 12537277.0000000000        0.0000024337        0.0000024337        0.0000000000
 12539108.0000000000        0.0000031338        0.0000031338        0.0000000000
 12540939.0999999996        0.0000039222        0.0000039222        0.0000000000
 12542770.1999999993        0.0000047988        0.0000047988        0.0000000000
 12544601.3000000007        0.0000057635        0.0000057635        0.0000000000
 12546432.3000000007        0.0000068161        0.0000068161        0.0000000000
 12548263.4000000004        0.0000079569        0.0000079569        0.0000000000
 12550094.4000000004        0.0000091854        0.0000091854        0.0000000000
 12553756.5000000000        0.0000119062        0.0000119062        0.0000000000
 12557418.5999999996        0.0000149780        0.0000149780        0.0000000000
 12561080.6999999993        0.0000184003        0.0000184003        0.0000000000
 12564742.8000000007        0.0000221727        0.0000221727        0.0000000000
 12568404.9000000004        0.0000262946        0.0000262946        0.0000000000
 12572067.0000000000        0.0000307657        0.0000307657        0.0000000000
 12575729.0999999996        0.0000355854        0.0000355854        0.0000000000
 12583053.3000000007        0.0000462688        0.0000462688        0.0000000000
 12590377.5000000000        0.0000583410        0.0000583410        0.0000000000
 12597701.6999999993        0.0000717983        0.0000717983        0.0000000000
 12605026.0000000000        0.0000866371        0.0000866371        0.0000000000
 12612350.1999999993        0.0001028531        0.0001028531        0.0000000000
 12619674.4000000004        0.0001204427        0.0001204427        0.0000000000
 12626998.5999999996        0.0001394020        0.0001394020        0.0000000000
 12641647.0000000000        0.0001814145        0.0001814145        0.0000000000
 12656295.4000000004        0.0002288597        0.0002288597        0.0000000000
 12670943.9000000004        0.0002817070        0.0002817070        0.0000000000
 12685592.3000000007        0.0003399248        0.0003399248        0.0000000000
 12700240.6999999993        0.0004034819        0.0004034819        0.0000000000
 12714889.0999999996        0.0004723473        0.0004723473        0.0000000000
 12744186.0000000000        0.0006258773        0.0006258773        0.0000000000
 12773482.8000000007        0.0008002611        0.0008002611        0.0000000000
 12802779.6999999993        0.0009952456        0.0009952456        0.0000000000
 12832076.5000000000        0.0012105736        0.0012105736        0.0000000000
 12861373.4000000004        0.0014459894        0.0014459894        0.0000000000
 12890670.1999999993        0.0017012327        0.0017012327        0.0000000000
 12949263.9000000004        0.0022701636        0.0022701636        0.0000000000
 13007857.5999999996        0.0029152711        0.0029152711        0.0000000000
 13066451.3000000007        0.0036344422        0.0036344422        0.0000000000
 13125044.9000000004        0.0044255465        0.0044255465        0.0000000000
 13183638.5999999996        0.0052864438        0.0052864438        0.0000000000
 13242232.3000000007        0.0062149784        0.0062149784        0.0000000000
 13359419.6999999993        0.0082662946        0.0082662946        0.0000000000
 13476607.0999999996        0.0105621006        0.0105621006        0.0000000000
 13593794.5000000000        0.0130849382        0.0130849382        0.0000000000
 13710981.9000000004        0.0158173441        0.0158173441        0.0000000000
 13828169.3000000007        0.0187419034        0.0187419034        0.0000000000
 14062544.0000000000        0.0250983696        0.0250983696        0.0000000000
 14296918.8000000007        0.0320178743        0.0320178743        0.0000000000
 14531293.5999999996        0.0393676964        0.0393676964        0.0000000000
 15000043.0999999996        0.0548532616        0.0548532616        0.0000000000
 15468792.6999999993        0.0706099840        0.0706099840        0.0000000000
 15937542.1999999993        0.0858125093        0.0858125093        0.0000000000
 16406291.8000000007        0.0997707724        0.0997707724        0.0000000000
 16875041.3000000007        0.1119372195        0.1119372195        0.0000000000
 17343790.8999999985        0.1219071673        0.1219071673        0.0000000000
 17812540.3999999985        0.1294135467        0.1294135467        0.0000000000
 18281290.0000000000        0.1343173730        0.1343173730        0.0000000000
 18750039.5000000000        0.1365950309        0.1365950309        0.0000000000
 19218789.1000000015        0.1363234544        0.1363234544        0.0000000000
 19687538.6000000015        0.1336640674        0.1336640674        0.0000000000
 20156288.1999999993        0.1288462613        0.1288462613        0.0000000000
 20625037.6999999993        0.1221510465        0.1221510465        0.0000000000
 21093787.3000000007        0.1138953655        0.1138953655        0.0000000000
 21562536.8000000007        0.1044174934        0.1044174934        0.0000000000
 22500035.8999999985        0.0831769095        0.0831769095        0.0000000000
 23437535.0000000000        0.0610979653        0.0610979653        0.0000000000
 23906284.6000000015        0.0504913836        0.0504913836        0.0000000000
 24375034.1000000015        0.0405110771        0.0405110771        0.0000000000
 24843783.6999999993        0.0313648973        0.0313648973        0.0000000000
 25312533.1999999993        0.0232217012        0.0232217012        0.0000000000
 25546908.0000000000        0.0195681247        0.0195681247        0.0000000000
 25781282.8000000007        0.0162106300        0.0162106300        0.0000000000
 26015657.6000000015        0.0131592262        0.0131592262        0.0000000000
 26250032.3000000007        0.0104215495        0.0104215495        0.0000000000
 26484407.1000000015        0.0080029232        0.0080029232        0.0000000000
 26601594.5000000000        0.0069143054        0.0069143054        0.0000000000
 26718781.8999999985        0.0059064396        0.0059064396        0.0000000000
 26835969.3000000007        0.0049793772        0.0049793772        0.0000000000
 26953156.6999999993        0.0041330410        0.0041330410        0.0000000000
 27070344.1000000015        0.0033672288        0.0033672288        0.0000000000
 27187531.3999999985        0.0026816166        0.0026816166        0.0000000000
 27304718.8000000007        0.0020757601        0.0020757601        0.0000000000
 27363312.5000000000        0.0018025705        0.0018025705        0.0000000000
 27421906.1999999993        0.0015491019        0.0015491019        0.0000000000
 27480499.8999999985        0.0013152670        0.0013152670        0.0000000000
 27539093.6000000015        0.0011009718        0.0011009718        0.0000000000
 27597687.3000000007        0.0009061159        0.0009061159        0.0000000000
 27656281.0000000000        0.0007305921        0.0007305921        0.0000000000
 27714874.6999999993        0.0005742868        0.0005742868        0.0000000000
 27773468.3999999985        0.0004370804        0.0004370804        0.0000000000
 27802765.3000000007        0.0003756000        0.0003756000        0.0000000000
 27832062.1000000015        0.0003188467        0.0003188467        0.0000000000
 27861359.0000000000        0.0002668036        0.0002668036        0.0000000000
 27890655.8000000007        0.0002194539        0.0002194539        0.0000000000
 27919952.6999999993        0.0001767798        0.0001767798        0.0000000000
 27949249.5000000000        0.0001387639        0.0001387639        0.0000000000
 27978546.3999999985        0.0001053878        0.0001053878        0.0000000000
 27993194.8000000007        0.0000904339        0.0000904339        0.0000000000
 28007843.1999999993        0.0000766331        0.0000766331        0.0000000000
 28022491.6999999993        0.0000639828        0.0000639828        0.0000000000
 28037140.1000000015        0.0000524808        0.0000524808        0.0000000000
 28051788.5000000000        0.0000421246        0.0000421246        0.0000000000
 28066436.8999999985        0.0000329119        0.0000329119        0.0000000000
 28081085.3000000007        0.0000248401        0.0000248401        0.0000000000
 28088409.5000000000        0.0000212313        0.0000212313        0.0000000000
 28095733.6999999993        0.0000179067        0.0000179067        0.0000000000
 28103057.8999999985        0.0000148662        0.0000148662        0.0000000000
 28110382.1000000015        0.0000121094        0.0000121094        0.0000000000
 28117706.3000000007        0.0000096359        0.0000096359        0.0000000000
 28125030.5000000000        0.0000074454        0.0000074454        0.0000000000
 28128692.6999999993        0.0000064562        0.0000064562        0.0000000000
 28132354.8000000007        0.0000055377        0.0000055377        0.0000000000
 28136016.8999999985        0.0000046898        0.0000046898        0.0000000000
 28139679.0000000000        0.0000039124        0.0000039124        0.0000000000
 28143341.1000000015        0.0000032056        0.0000032056        0.0000000000
 28147003.1999999993        0.0000025692        0.0000025692        0.0000000000
 28150665.3000000007        0.0000020033        0.0000020033        0.0000000000
 28152496.3999999985        0.0000017467        0.0000017467        0.0000000000
 28154327.3999999985        0.0000015078        0.0000015078        0.0000000000
 28156158.5000000000        0.0000012864        0.0000012864        0.0000000000
 28157989.5000000000        0.0000010826        0.0000010826        0.0000000000
 28159820.6000000015        0.0000008964        0.0000008964        0.0000000000
 28168975.8000000007        0.0000002289        0.0000002289        0.0000000000
 28183624.1999999993        0.0000000732        0.0000000732        0.0000000000
 28190948.5000000000        0.0000004157        0.0000004157        0.0000000000
 28194610.6000000015        0.0000006919        0.0000006919        0.0000000000
 28196441.6999999993        0.0000008562        0.0000008562        0.0000000000
 28198272.6999999993        0.0000010380        0.0000010380        0.0000000000
 28200103.8000000007        0.0000012373        0.0000012373        0.0000000000
 28201934.8000000007        0.0000014540        0.0000014540        0.0000000000
 28203765.8999999985        0.0000016882        0.0000016882        0.0000000000
 28205596.8999999985        0.0000019398        0.0000019398        0.0000000000
 28209259.0000000000        0.0000024955        0.0000024955        0.0000000000
 28212921.1000000015        0.0000031208        0.0000031208        0.0000000000
 28216583.1999999993        0.0000038159        0.0000038159        0.0000000000
 28220245.3000000007        0.0000045806        0.0000045806        0.0000000000
 28223907.3999999985        0.0000054149        0.0000054149        0.0000000000
 28227569.5000000000        0.0000063188        0.0000063188        0.0000000000
 28234893.6999999993        0.0000083352        0.0000083352        0.0000000000
 28242217.8999999985        0.0000106294        0.0000106294        0.0000000000
 28249542.1999999993        0.0000132011        0.0000132011        0.0000000000
 28256866.3999999985        0.0000160499        0.0000160499        0.0000000000
 28264190.6000000015        0.0000191755        0.0000191755        0.0000000000
 28271514.8000000007        0.0000225775        0.0000225775        0.0000000000
 28278839.0000000000        0.0000262557        0.0000262557        0.0000000000
 28286163.1999999993        0.0000302096        0.0000302096        0.0000000000
 28300811.6000000015        0.0000389432        0.0000389432        0.0000000000
 28315460.1000000015        0.0000487758        0.0000487758        0.0000000000
 28330108.5000000000        0.0000597045        0.0000597045        0.0000000000
 28344756.8999999985        0.0000717263        0.0000717263        0.0000000000
 28359405.3000000007        0.0000848386        0.0000848386        0.0000000000
 28374053.8000000007        0.0000990385        0.0000990385        0.0000000000
 28388702.1999999993        0.0001143231        0.0001143231        0.0000000000
 28417999.0000000000        0.0001481346        0.0001481346        0.0000000000
 28447295.8999999985        0.0001862500        0.0001862500        0.0000000000
 28476592.6999999993        0.0002286454        0.0002286454        0.0000000000
 28505889.6000000015        0.0002752970        0.0002752970        0.0000000000
 28535186.3999999985        0.0003261805        0.0003261805        0.0000000000
 28564483.3000000007        0.0003812715        0.0003812715        0.0000000000
 28593780.1000000015        0.0004405449        0.0004405449        0.0000000000
 28652373.8000000007        0.0005715391        0.0005715391        0.0000000000
 28710967.5000000000        0.0007189594        0.0007189594        0.0000000000
 28769561.1999999993        0.0008825976        0.0008825976        0.0000000000
 28828154.8999999985        0.0010622416        0.0010622416        0.0000000000
 28886748.6000000015        0.0012576756        0.0012576756        0.0000000000
 28945342.3000000007        0.0014686796        0.0014686796        0.0000000000
 29062529.6000000015        0.0019364992        0.0019364992        0.0000000000
 29179717.0000000000        0.0024638709        0.0024638709        0.0000000000
 29296904.3999999985        0.0030489103        0.0030489103        0.0000000000
 29414091.8000000007        0.0036896842        0.0036896842        0.0000000000
 29531279.1999999993        0.0043842141        0.0043842141        0.0000000000
 29765654.0000000000        0.0059264232        0.0059264232        0.0000000000
 30000028.6999999993        0.0076589452        0.0076589452        0.0000000000
 30234403.5000000000        0.0095647066        0.0095647066        0.0000000000
 30468778.3000000007        0.0116262650        0.0116262650        0.0000000000
 30937527.8999999985        0.0161458503        0.0161458503        0.0000000000
 31406277.5000000000        0.0210750403        0.0210750403        0.0000000000
 31875027.0000000000        0.0262721044        0.0262721044        0.0000000000
 32343776.6000000015        0.0315991889        0.0315991889        0.0000000000
 32812526.1000000015        0.0369248987        0.0369248987        0.0000000000
 33750025.2000000030        0.0470918809        0.0470918809        0.0000000000
 34687524.2999999970        0.0559260851        0.0559260851        0.0000000000
 35625023.3999999985        0.0627871555        0.0627871555        0.0000000000
 36562522.5000000000        0.0672602762        0.0672602762        0.0000000000
 37500021.6000000015        0.0691555542        0.0691555542        0.0000000000
 38437520.7000000030        0.0684914420        0.0684914420        0.0000000000
 39375019.7999999970        0.0654661767        0.0654661767        0.0000000000
 40312518.8999999985        0.0604212553        0.0604212553        0.0000000000
 41250018.0000000000        0.0538007260        0.0538007260        0.0000000000
 42187517.1000000015        0.0461096388        0.0461096388        0.0000000000
 43125016.2000000030        0.0378744424        0.0378744424        0.0000000000
 44062515.2999999970        0.0296074895        0.0296074895        0.0000000000
 45000014.3999999985        0.0217771857        0.0217771857        0.0000000000
 45468764.0000000000        0.0181542655        0.0181542655        0.0000000000
 45937513.5000000000        0.0147847105        0.0147847105        0.0000000000
 46406263.1000000015        0.0117054860        0.0117054860        0.0000000000
 46875012.6000000015        0.0089476983        0.0089476983        0.0000000000
 47109387.3999999985        0.0076974240        0.0076974240        0.0000000000
 47343762.2000000030        0.0065364503        0.0065364503        0.0000000000
 47578137.0000000000        0.0054669708        0.0054669708        0.0000000000
 47812511.7000000030        0.0044908035        0.0044908035        0.0000000000
 48046886.5000000000        0.0036093936        0.0036093936        0.0000000000
 48281261.2999999970        0.0028238199        0.0028238199        0.0000000000
 48515636.1000000015        0.0021347995        0.0021347995        0.0000000000
 48632823.5000000000        0.0018266236        0.0018266236        0.0000000000
 48750010.7999999970        0.0015426948        0.0015426948        0.0000000000
 48867198.2000000030        0.0012830039        0.0012830039        0.0000000000
 48984385.6000000015        0.0010475212        0.0010475212        0.0000000000
 49101573.0000000000        0.0008361960        0.0008361960        0.0000000000
 49218760.3999999985        0.0006489570        0.0006489570        0.0000000000
 49277354.1000000015        0.0005643421        0.0005643421        0.0000000000
 49335947.7999999970        0.0004857130        0.0004857130        0.0000000000
 49394541.5000000000        0.0004130551        0.0004130551        0.0000000000
 49453135.2000000030        0.0003463527        0.0003463527        0.0000000000
 49511728.8999999985        0.0002855889        0.0002855889        0.0000000000
 49570322.6000000015        0.0002307454        0.0002307454        0.0000000000
 49628916.2999999970        0.0001818032        0.0001818032        0.0000000000
 49687509.8999999985        0.0001387416        0.0001387416        0.0000000000
 49716806.7999999970        0.0001194092        0.0001194092        0.0000000000
 49746103.6000000015        0.0001015389        0.0001015389        0.0000000000
 49775400.5000000000        0.0000851276        0.0000851276        0.0000000000
 49804697.2999999970        0.0000701724        0.0000701724        0.0000000000
 49833994.2000000030        0.0000566703        0.0000566703        0.0000000000
 49863291.0000000000        0.0000446182        0.0000446182        0.0000000000
 49892587.8999999985        0.0000340129        0.0000340129        0.0000000000
 49907236.2999999970        0.0000292519        0.0000292519        0.0000000000
 49921884.7000000030        0.0000248513        0.0000248513        0.0000000000
 49936533.2000000030        0.0000208107        0.0000208107        0.0000000000
 49951181.6000000015        0.0000171298        0.0000171298        0.0000000000
 49965830.0000000000        0.0000138082        0.0000138082        0.0000000000
 49980478.3999999985        0.0000108454        0.0000108454        0.0000000000
 49995126.8999999985        0.0000082409        0.0000082409        0.0000000000
 50002451.1000000015        0.0000070729        0.0000070729        0.0000000000
 50009775.2999999970        0.0000059943        0.0000059943        0.0000000000
 50017099.5000000000        0.0000050052        0.0000050052        0.0000000000
 50024423.7000000030        0.0000041053        0.0000041053        0.0000000000
 50031747.8999999985        0.0000032947        0.0000032947        0.0000000000
 50039072.1000000015        0.0000025733        0.0000025733        0.0000000000
 50046396.3999999985        0.0000019410        0.0000019410        0.0000000000
 50050058.5000000000        0.0000016583        0.0000016583        0.0000000000
 50053720.6000000015        0.0000013979        0.0000013979        0.0000000000
 50057382.7000000030        0.0000011597        0.0000011597        0.0000000000
 50061044.7999999970        0.0000009438        0.0000009438        0.0000000000
 50097665.7999999970        0.0000000067        0.0000000067        0.0000000000
 50126962.7000000030        0.0000008539        0.0000008539        0.0000000000
 50130624.7999999970        0.0000010593        0.0000010593        0.0000000000
 50134286.8999999985        0.0000012869        0.0000012869        0.0000000000
 50137949.0000000000        0.0000015366        0.0000015366        0.0000000000
 50141611.1000000015        0.0000018084        0.0000018084        0.0000000000
 50145273.2000000030        0.0000021022        0.0000021022        0.0000000000
 50148935.2999999970        0.0000024182        0.0000024182        0.0000000000
 50156259.5000000000        0.0000031163        0.0000031163        0.0000000000
 50163583.7999999970        0.0000039025        0.0000039025        0.0000000000
 50170908.0000000000        0.0000047770        0.0000047770        0.0000000000
 50178232.2000000030        0.0000057395        0.0000057395        0.0000000000
 50185556.3999999985        0.0000067901        0.0000067901        0.0000000000
 50192880.6000000015        0.0000079286        0.0000079286        0.0000000000
 50200204.7999999970        0.0000091550        0.0000091550        0.0000000000
 50214853.2000000030        0.0000118714        0.0000118714        0.0000000000
 50229501.7000000030        0.0000149387        0.0000149387        0.0000000000
 50244150.1000000015        0.0000183563        0.0000183563        0.0000000000
 50258798.5000000000        0.0000221238        0.0000221238        0.0000000000
 50273446.8999999985        0.0000262407        0.0000262407        0.0000000000
 50288095.3999999985        0.0000307064        0.0000307064        0.0000000000
 50302743.7999999970        0.0000355205        0.0000355205        0.0000000000
 50332040.6000000015        0.0000461915        0.0000461915        0.0000000000
 50361337.5000000000        0.0000582496        0.0000582496        0.0000000000
 50390634.2999999970        0.0000716904        0.0000716904        0.0000000000
 50419931.2000000030        0.0000865097        0.0000865097        0.0000000000
 50449228.0000000000        0.0001027028        0.0001027028        0.0000000000
 50478524.8999999985        0.0001202655        0.0001202655        0.0000000000
 50507821.7000000030        0.0001391931        0.0001391931        0.0000000000
 50566415.3999999985        0.0001811249        0.0001811249        0.0000000000
 50625009.0000000000        0.0002284605        0.0002284605        0.0000000000
 50683602.7000000030        0.0002811617        0.0002811617        0.0000000000
 50742196.3999999985        0.0003391890        0.0003391890        0.0000000000
 50800790.1000000015        0.0004025023        0.0004025023        0.0000000000
 50859383.7999999970        0.0004710602        0.0004710602        0.0000000000
 50976571.2000000030        0.0006237409        0.0006237409        0.0000000000
 51093758.6000000015        0.0007968842        0.0007968842        0.0000000000
 51210946.0000000000        0.0009901296        0.0009901296        0.0000000000
 51328133.3999999985        0.0012031034        0.0012031034        0.0000000000
 51445320.7999999970        0.0014354195        0.0014354195        0.0000000000
 51562508.1000000015        0.0016866792        0.0016866792        0.0000000000
 51796882.8999999985        0.0022443803        0.0022443803        0.0000000000
 52031257.7000000030        0.0028727963        0.0028727963        0.0000000000
 52265632.5000000000        0.0035683548        0.0035683548        0.0000000000
 52500007.2000000030        0.0043273363        0.0043273363        0.0000000000
 52734382.0000000000        0.0051458914        0.0051458914        0.0000000000
 52968756.7999999970        0.0060200544        0.0060200544        0.0000000000
 53437506.2999999970        0.0079188607        0.0079188607        0.0000000000
 53906255.8999999985        0.0099903224        0.0099903224        0.0000000000
 54375005.3999999985        0.0122001485        0.0122001485        0.0000000000
 55312504.5000000000        0.0168962649        0.0168962649        0.0000000000
 56250003.6000000015        0.0217331360        0.0217331360        0.0000000000
 57187502.7000000030        0.0264506456        0.0264506456        0.0000000000
 58125001.7999999970        0.0308137078        0.0308137078        0.0000000000
 59062500.8999999985        0.0346210375        0.0346210375        0.0000000000
 60000000.0000000000        0.0377114841        0.0377114841        0.0000000000
